2019-04-17 03:08:14.481735|INFO    |ServerLibPriv |   |TeamSpeak 3 Server 3.0.4.4 (2018-05-30 11:06:00) SDK
2019-04-17 03:08:14.493735|INFO    |ServerLibPriv |   |SystemInformation: Windows 10 (17763) x64 (AMD or Intel) Binary: 32bit
2019-04-17 03:08:14.508733|INFO    |ServerLibPriv |   |Using hardware aes
2019-04-17 03:08:14.548733|WARNING |Accounting    |   |Unable to find valid license key, falling back to limited functionality
2019-04-17 03:08:16.898924|INFO    |              |   |Puzzle precompute time: 2325
2019-04-17 03:08:16.922921|INFO    |VirtualSvrMgr |   |addServer() VirtualServer(1) started
2019-04-17 03:21:39.927988|ERROR   |UDPServers    |   |An existing connection was forcibly closed by the remote host
2019-04-17 03:21:55.051087|ERROR   |UDPServers    |   |An existing connection was forcibly closed by the remote host
2019-04-17 03:40:06.566228|ERROR   |UDPServers    |   |An existing connection was forcibly closed by the remote host
2019-04-17 03:40:07.572710|ERROR   |UDPServers    |   |An existing connection was forcibly closed by the remote host
2019-04-17 03:40:07.586711|ERROR   |UDPServers    |   |An existing connection was forcibly closed by the remote host
2019-04-17 03:40:19.681610|ERROR   |UDPServers    |   |An existing connection was forcibly closed by the remote host
2019-04-17 03:40:26.746837|ERROR   |UDPServers    |   |An existing connection was forcibly closed by the remote host
2019-04-17 03:45:16.752054|WARNING |PktHandler    |   |detected incorrectly running system clock (<)
2019-04-17 03:45:16.795056|WARNING |PktHandler    |   |detected incorrectly running system clock (<)
2019-04-17 03:45:16.802053|ERROR   |UDPServers    |   |An existing connection was forcibly closed by the remote host
2019-04-17 03:45:16.802053|WARNING |PktHandler    |   |detected incorrectly running system clock (<)
2019-04-17 03:45:16.810057|ERROR   |UDPServers    |   |An existing connection was forcibly closed by the remote host
2019-04-17 03:45:16.827056|ERROR   |UDPServers    |   |An existing connection was forcibly closed by the remote host
2019-04-17 03:45:16.837054|ERROR   |UDPServers    |   |An existing connection was forcibly closed by the remote host
2019-04-17 03:45:16.854055|ERROR   |UDPServers    |   |An existing connection was forcibly closed by the remote host
2019-04-17 03:45:16.871056|ERROR   |UDPServers    |   |An existing connection was forcibly closed by the remote host
2019-04-17 03:45:16.885057|ERROR   |UDPServers    |   |An existing connection was forcibly closed by the remote host
2019-04-17 03:45:16.901058|ERROR   |UDPServers    |   |An existing connection was forcibly closed by the remote host
2019-04-17 03:45:16.908055|ERROR   |UDPServers    |   |An existing connection was forcibly closed by the remote host
2019-04-17 03:45:16.915060|ERROR   |UDPServers    |   |An existing connection was forcibly closed by the remote host
2019-04-17 03:45:16.924053|ERROR   |UDPServers    |   |An existing connection was forcibly closed by the remote host
2019-04-17 03:45:16.931056|ERROR   |UDPServers    |   |An existing connection was forcibly closed by the remote host
2019-04-17 03:45:16.940055|ERROR   |UDPServers    |   |An existing connection was forcibly closed by the remote host
2019-04-17 03:45:16.947054|ERROR   |UDPServers    |   |An existing connection was forcibly closed by the remote host
2019-04-17 03:45:16.955054|ERROR   |UDPServers    |   |An existing connection was forcibly closed by the remote host
2019-04-17 03:45:16.963054|ERROR   |UDPServers    |   |An existing connection was forcibly closed by the remote host
2019-04-17 03:45:16.970056|ERROR   |UDPServers    |   |An existing connection was forcibly closed by the remote host
2019-04-17 03:45:16.977053|ERROR   |UDPServers    |   |An existing connection was forcibly closed by the remote host
2019-04-17 03:45:16.986056|ERROR   |UDPServers    |   |An existing connection was forcibly closed by the remote host
2019-04-17 03:45:16.994056|ERROR   |UDPServers    |   |An existing connection was forcibly closed by the remote host
2019-04-17 03:45:17.002056|ERROR   |UDPServers    |   |An existing connection was forcibly closed by the remote host
2019-04-17 03:45:17.036053|ERROR   |UDPServers    |   |An existing connection was forcibly closed by the remote host
2019-04-17 03:45:17.042053|ERROR   |UDPServers    |   |An existing connection was forcibly closed by the remote host
2019-04-17 03:45:17.050055|ERROR   |UDPServers    |   |An existing connection was forcibly closed by the remote host
2019-04-17 03:45:17.057058|ERROR   |UDPServers    |   |An existing connection was forcibly closed by the remote host
2019-04-17 03:45:17.063053|ERROR   |UDPServers    |   |An existing connection was forcibly closed by the remote host
2019-04-17 03:45:17.070055|ERROR   |UDPServers    |   |An existing connection was forcibly closed by the remote host
2019-04-17 03:45:17.077056|ERROR   |UDPServers    |   |An existing connection was forcibly closed by the remote host
2019-04-17 03:45:17.085054|ERROR   |UDPServers    |   |An existing connection was forcibly closed by the remote host
2019-04-17 03:45:17.092058|ERROR   |UDPServers    |   |An existing connection was forcibly closed by the remote host
2019-04-17 03:45:17.099057|ERROR   |UDPServers    |   |An existing connection was forcibly closed by the remote host
2019-04-17 03:45:17.109052|ERROR   |UDPServers    |   |An existing connection was forcibly closed by the remote host
2019-04-17 03:45:17.119058|ERROR   |UDPServers    |   |An existing connection was forcibly closed by the remote host
2019-04-17 03:45:17.126060|ERROR   |UDPServers    |   |An existing connection was forcibly closed by the remote host
2019-04-17 03:45:17.133061|ERROR   |UDPServers    |   |An existing connection was forcibly closed by the remote host
2019-04-17 03:45:17.141052|ERROR   |UDPServers    |   |An existing connection was forcibly closed by the remote host
2019-04-17 03:45:17.148059|ERROR   |UDPServers    |   |An existing connection was forcibly closed by the remote host
2019-04-17 03:45:17.155055|ERROR   |UDPServers    |   |An existing connection was forcibly closed by the remote host
2019-04-17 03:45:17.161059|ERROR   |UDPServers    |   |An existing connection was forcibly closed by the remote host
2019-04-17 03:45:17.169052|ERROR   |UDPServers    |   |An existing connection was forcibly closed by the remote host
2019-04-17 03:45:17.176053|ERROR   |UDPServers    |   |An existing connection was forcibly closed by the remote host
2019-04-17 03:45:17.184058|ERROR   |UDPServers    |   |An existing connection was forcibly closed by the remote host
2019-04-17 03:45:17.190053|ERROR   |UDPServers    |   |An existing connection was forcibly closed by the remote host
2019-04-17 03:45:17.197054|ERROR   |UDPServers    |   |An existing connection was forcibly closed by the remote host
2019-04-17 03:45:17.207054|ERROR   |UDPServers    |   |An existing connection was forcibly closed by the remote host
2019-04-17 03:45:17.216055|ERROR   |UDPServers    |   |An existing connection was forcibly closed by the remote host
2019-04-17 03:45:17.224059|ERROR   |UDPServers    |   |An existing connection was forcibly closed by the remote host
2019-04-17 03:45:17.232059|ERROR   |UDPServers    |   |An existing connection was forcibly closed by the remote host
2019-04-17 03:45:17.239058|ERROR   |UDPServers    |   |An existing connection was forcibly closed by the remote host
2019-04-17 03:45:17.247060|ERROR   |UDPServers    |   |An existing connection was forcibly closed by the remote host
2019-04-17 03:45:17.253057|ERROR   |UDPServers    |   |An existing connection was forcibly closed by the remote host
2019-04-17 03:45:17.260053|ERROR   |UDPServers    |   |An existing connection was forcibly closed by the remote host
2019-04-17 03:45:17.267059|ERROR   |UDPServers    |   |An existing connection was forcibly closed by the remote host
2019-04-17 03:45:17.274057|ERROR   |UDPServers    |   |An existing connection was forcibly closed by the remote host
2019-04-17 03:45:17.281057|ERROR   |UDPServers    |   |An existing connection was forcibly closed by the remote host
2019-04-17 03:45:17.288057|ERROR   |UDPServers    |   |An existing connection was forcibly closed by the remote host
2019-04-17 03:45:17.295055|ERROR   |UDPServers    |   |An existing connection was forcibly closed by the remote host
2019-04-17 03:45:17.302056|ERROR   |UDPServers    |   |An existing connection was forcibly closed by the remote host
2019-04-17 03:45:17.309052|ERROR   |UDPServers    |   |An existing connection was forcibly closed by the remote host
2019-04-17 03:45:17.316054|ERROR   |UDPServers    |   |An existing connection was forcibly closed by the remote host
2019-04-17 03:45:17.322052|ERROR   |UDPServers    |   |An existing connection was forcibly closed by the remote host
2019-04-17 03:45:17.329054|ERROR   |UDPServers    |   |An existing connection was forcibly closed by the remote host
2019-04-17 03:45:17.337055|ERROR   |UDPServers    |   |An existing connection was forcibly closed by the remote host
2019-04-17 03:45:17.343052|ERROR   |UDPServers    |   |An existing connection was forcibly closed by the remote host
2019-04-17 03:45:17.352057|ERROR   |UDPServers    |   |An existing connection was forcibly closed by the remote host
2019-04-17 03:45:17.358052|ERROR   |UDPServers    |   |An existing connection was forcibly closed by the remote host
2019-04-17 03:45:17.365055|ERROR   |UDPServers    |   |An existing connection was forcibly closed by the remote host
2019-04-17 03:45:17.374056|ERROR   |UDPServers    |   |An existing connection was forcibly closed by the remote host
2019-04-17 03:45:17.381053|ERROR   |UDPServers    |   |An existing connection was forcibly closed by the remote host
2019-04-17 03:45:17.390054|ERROR   |UDPServers    |   |An existing connection was forcibly closed by the remote host
2019-04-17 03:45:17.399055|ERROR   |UDPServers    |   |An existing connection was forcibly closed by the remote host
2019-04-17 03:45:17.408054|ERROR   |UDPServers    |   |An existing connection was forcibly closed by the remote host
2019-04-17 03:45:17.416054|ERROR   |UDPServers    |   |An existing connection was forcibly closed by the remote host
2019-04-17 03:45:17.423055|ERROR   |UDPServers    |   |An existing connection was forcibly closed by the remote host
2019-04-17 03:45:17.430058|ERROR   |UDPServers    |   |An existing connection was forcibly closed by the remote host
2019-04-17 03:45:17.437052|ERROR   |UDPServers    |   |An existing connection was forcibly closed by the remote host
2019-04-17 03:45:17.443056|ERROR   |UDPServers    |   |An existing connection was forcibly closed by the remote host
2019-04-17 03:45:17.450058|ERROR   |UDPServers    |   |An existing connection was forcibly closed by the remote host
2019-04-17 03:45:17.456057|ERROR   |UDPServers    |   |An existing connection was forcibly closed by the remote host
2019-04-17 03:45:17.463056|ERROR   |UDPServers    |   |An existing connection was forcibly closed by the remote host
2019-04-17 03:45:17.470062|ERROR   |UDPServers    |   |An existing connection was forcibly closed by the remote host
2019-04-17 03:45:17.477053|ERROR   |UDPServers    |   |An existing connection was forcibly closed by the remote host
2019-04-17 03:45:17.484056|ERROR   |UDPServers    |   |An existing connection was forcibly closed by the remote host
2019-04-17 03:45:17.490054|ERROR   |UDPServers    |   |An existing connection was forcibly closed by the remote host
2019-04-17 03:45:17.497057|ERROR   |UDPServers    |   |An existing connection was forcibly closed by the remote host
2019-04-17 03:45:17.506086|ERROR   |UDPServers    |   |An existing connection was forcibly closed by the remote host
2019-04-17 03:45:17.516053|ERROR   |UDPServers    |   |An existing connection was forcibly closed by the remote host
2019-04-17 03:45:17.524057|ERROR   |UDPServers    |   |An existing connection was forcibly closed by the remote host
2019-04-17 03:45:17.530056|ERROR   |UDPServers    |   |An existing connection was forcibly closed by the remote host
2019-04-17 03:45:17.538057|ERROR   |UDPServers    |   |An existing connection was forcibly closed by the remote host
2019-04-17 03:45:17.546058|ERROR   |UDPServers    |   |An existing connection was forcibly closed by the remote host
2019-04-17 03:45:17.554053|ERROR   |UDPServers    |   |An existing connection was forcibly closed by the remote host
2019-04-17 03:45:17.562060|ERROR   |UDPServers    |   |An existing connection was forcibly closed by the remote host
2019-04-17 03:45:17.571054|ERROR   |UDPServers    |   |An existing connection was forcibly closed by the remote host
2019-04-17 03:45:17.578057|ERROR   |UDPServers    |   |An existing connection was forcibly closed by the remote host
2019-04-17 03:45:17.587052|ERROR   |UDPServers    |   |An existing connection was forcibly closed by the remote host
2019-04-17 03:45:17.594053|ERROR   |UDPServers    |   |An existing connection was forcibly closed by the remote host
2019-04-17 03:45:17.603053|ERROR   |UDPServers    |   |An existing connection was forcibly closed by the remote host
2019-04-17 03:45:17.610052|ERROR   |UDPServers    |   |An existing connection was forcibly closed by the remote host
2019-04-17 03:45:17.618074|ERROR   |UDPServers    |   |An existing connection was forcibly closed by the remote host
2019-04-17 03:45:17.626053|ERROR   |UDPServers    |   |An existing connection was forcibly closed by the remote host
2019-04-17 03:45:17.635055|ERROR   |UDPServers    |   |An existing connection was forcibly closed by the remote host
2019-04-17 03:45:17.644055|ERROR   |UDPServers    |   |An existing connection was forcibly closed by the remote host
2019-04-17 03:45:17.654055|ERROR   |UDPServers    |   |An existing connection was forcibly closed by the remote host
2019-04-17 03:45:17.661055|ERROR   |UDPServers    |   |An existing connection was forcibly closed by the remote host
2019-04-17 03:45:17.668052|ERROR   |UDPServers    |   |An existing connection was forcibly closed by the remote host
2019-04-17 03:45:17.674054|ERROR   |UDPServers    |   |An existing connection was forcibly closed by the remote host
2019-04-17 03:45:17.681055|ERROR   |UDPServers    |   |An existing connection was forcibly closed by the remote host
2019-04-17 03:45:17.688053|ERROR   |UDPServers    |   |An existing connection was forcibly closed by the remote host
2019-04-17 03:45:17.694053|ERROR   |UDPServers    |   |An existing connection was forcibly closed by the remote host
2019-04-17 03:45:17.702057|ERROR   |UDPServers    |   |An existing connection was forcibly closed by the remote host
2019-04-17 03:45:17.708051|ERROR   |UDPServers    |   |An existing connection was forcibly closed by the remote host
2019-04-17 03:45:17.717056|ERROR   |UDPServers    |   |An existing connection was forcibly closed by the remote host
2019-04-17 03:45:17.723052|ERROR   |UDPServers    |   |An existing connection was forcibly closed by the remote host
2019-04-17 03:45:17.731056|ERROR   |UDPServers    |   |An existing connection was forcibly closed by the remote host
2019-04-17 03:45:17.737053|ERROR   |UDPServers    |   |An existing connection was forcibly closed by the remote host
2019-04-17 03:45:17.743053|ERROR   |UDPServers    |   |An existing connection was forcibly closed by the remote host
2019-04-17 03:45:17.751055|ERROR   |UDPServers    |   |An existing connection was forcibly closed by the remote host
2019-04-17 03:45:17.757052|ERROR   |UDPServers    |   |An existing connection was forcibly closed by the remote host
2019-04-17 03:45:17.764063|ERROR   |UDPServers    |   |An existing connection was forcibly closed by the remote host
2019-04-17 04:20:32.343367|ERROR   |UDPServers    |   |An existing connection was forcibly closed by the remote host
2019-04-17 04:28:14.573647|WARNING |PktHandler    |   |detected incorrectly running system clock (<)
2019-04-17 04:28:14.581648|WARNING |PktHandler    |   |detected incorrectly running system clock (<)
2019-04-17 04:28:14.589650|WARNING |PktHandler    |   |detected incorrectly running system clock (<)
2019-04-17 04:28:14.633646|WARNING |PktHandler    |   |detected incorrectly running system clock (<)
2019-04-17 05:06:30.652286|ERROR   |UDPServers    |   |An existing connection was forcibly closed by the remote host
2019-04-17 05:06:30.663282|ERROR   |UDPServers    |   |An existing connection was forcibly closed by the remote host
2019-04-17 05:06:30.674285|ERROR   |UDPServers    |   |An existing connection was forcibly closed by the remote host
2019-04-17 05:06:30.688304|ERROR   |UDPServers    |   |An existing connection was forcibly closed by the remote host
2019-04-17 05:06:30.699299|ERROR   |UDPServers    |   |An existing connection was forcibly closed by the remote host
2019-04-17 05:06:30.712284|ERROR   |UDPServers    |   |An existing connection was forcibly closed by the remote host
